<?xml version="1.0" encoding="UTF-8"?>
<!-- Generated by org.testng.reporters.JUnitReportReporter -->
<testsuite hostname="LPBIHSIND0964" failures="0" tests="1" name="com.OMS.SO.Negative.TC_001_SO_Create_So_with_L1_without_KYC_Test" time="17.372" errors="0" timestamp="2023-04-21T11:55:53 IST" skipped="0">
  <testcase classname="com.OMS.SO.Negative.TC_001_SO_Create_So_with_L1_without_KYC_Test" name="Create_So_with_L1_without_KYC_Test" time="17.372"/>
  <system-out>
    <![CDATA[TC_001_SO_Create_So_with_L1_without_KYC_Test
Cleared the cart with pre loaded SKU'S
Sales Order is not Created due to KYC pending]]>
  </system-out>
</testsuite> <!-- com.OMS.SO.Negative.TC_001_SO_Create_So_with_L1_without_KYC_Test -->
