<?xml version="1.0" encoding="UTF-8"?>
<!-- Generated by org.testng.reporters.JUnitReportReporter -->
<testsuite hostname="LPBIHSIND0964" failures="0" tests="1" name="com.OMS.Return_To_Supplier.TC_001_RTS_Ent_To_EndTest" time="155.802" errors="0" timestamp="2022-12-27T17:15:58 IST" skipped="0">
  <testcase classname="com.OMS.Return_To_Supplier.TC_001_RTS_Ent_To_EndTest" name="RTS_End_to_End_Test" time="155.802"/>
  <system-out>
    <![CDATA[
Step:1 Return To Supplier Not Created and Verification Failed
Return to supplier ID: 349
Step:2 Return To Supplier Is Updated Successfully and Verification Passed
Step:3 Return To Supplier Is Approved and Verification Passed
RTS_End_to_End_Test is Pass]]>
  </system-out>
</testsuite> <!-- com.OMS.Return_To_Supplier.TC_001_RTS_Ent_To_EndTest -->
