<?xml version="1.0" encoding="UTF-8"?>
<!-- Generated by org.testng.reporters.JUnitReportReporter -->
<testsuite hostname="LPBIHSIND0964" failures="0" tests="1" name="com.OMS.SO.TC_003_SO_BothApproval_Test" time="51.683" errors="0" timestamp="2023-03-30T17:43:43 IST" skipped="0">
  <testcase classname="com.OMS.SO.TC_003_SO_BothApproval_Test" name="sales_order_Bothapproval_Test" time="51.683"/>
  <system-out>
    <![CDATA[TC_003_SO_BothApproval_Test
ORDER ID : OM1047036980 is created successfully
Step:1 Sales Order Created Successfully and Verification Passed with ID: ORDER ID : OM1047036980 is created successfully
Step for SO  Approved By Procurement And Verify Passed 
Step:3 P.O Approved By Finance And Verify Passed]]>
  </system-out>
</testsuite> <!-- com.OMS.SO.TC_003_SO_BothApproval_Test -->
