<?xml version="1.0" encoding="UTF-8"?>
<!-- Generated by org.testng.reporters.JUnitReportReporter -->
<testsuite hostname="LPBIHSIND0964" failures="0" tests="1" name="com.OMS.Stock_Management.TC_002_Special_stock_update_via_csv" time="117.286" errors="0" timestamp="2023-04-04T11:57:16 IST" skipped="0">
  <testcase classname="com.OMS.Stock_Management.TC_002_Special_stock_update_via_csv" name="TC_002_special_stock_update_via_csv" time="117.286"/>
  <system-out>
    <![CDATA[TC_002_Special_stock_update_via_csv
Stock Management , In Special Stock Update Product Stock = 24
 CSV file Uploaded
Stock Management , In Special Stock Update Product Stock = 27
 Details On Stock Logger Page 
ORDER ID : OM1047037159 is created successfully
Step:1 Sales Order Created Successfully and Verification Passed with ID: ORDER ID : OM1047037159 is created successfully
Step for SO  Approved By Procurement And Verify Passed 
Step:3 P.O Approved By Finance And Verify Passed
batch_Qty_validtaion_on_pick_and_pack_page]]>
  </system-out>
</testsuite> <!-- com.OMS.Stock_Management.TC_002_Special_stock_update_via_csv -->
