<?xml version="1.0" encoding="UTF-8"?>
<!-- Generated by org.testng.reporters.JUnitReportReporter -->
<testsuite hostname="LPBIHSIND0964" failures="0" tests="1" name="com.OMS.Indent.TC_002_Indent_Raise_Cancel_Non_VPO_Customer_Indent_via_cart_test" time="12.216" errors="0" timestamp="2023-05-02T16:07:12 IST" skipped="0">
  <testcase classname="com.OMS.Indent.TC_002_Indent_Raise_Cancel_Non_VPO_Customer_Indent_via_cart_test" name="Indent_Raise_Cancel_Non_VPO_Customer_Indent_via_via_cart_test" time="12.216"/>
  <system-out>
    <![CDATA[TC_002_Indent_Raise_Cancel_Non_VPO_Customer_Indent_via_cart_test
Product Added into cart 
Step:1 Indent Raise Successfully And Verification Passed ]]>
  </system-out>
</testsuite> <!-- com.OMS.Indent.TC_002_Indent_Raise_Cancel_Non_VPO_Customer_Indent_via_cart_test -->
