<?xml version="1.0" encoding="UTF-8"?>
<!-- Generated by org.testng.reporters.JUnitReportReporter -->
<testsuite hostname="LPBIHSIND0964" failures="0" tests="1" name="com.OMS.PO.TC_005_PO_RejectByFinance_Test" time="86.789" errors="0" timestamp="2023-03-28T12:02:42 IST" skipped="0">
  <testcase classname="com.OMS.PO.TC_005_PO_RejectByFinance_Test" name="create_po_RejectedBy_finance_Test" time="86.789"/>
  <system-out>
    <![CDATA[TC_005_PO_RejectByFinance_Test
PO ID: PO1047010072
Step:1 P.O Created Successfully And Verification Passed 
Step for PO  Approved By Procurement And Verify Passed 
Step:3 P.O Rejected By Finance And Verify Passed]]>
  </system-out>
</testsuite> <!-- com.OMS.PO.TC_005_PO_RejectByFinance_Test -->
