<?xml version="1.0" encoding="UTF-8"?>
<!-- Generated by org.testng.reporters.JUnitReportReporter -->
<testsuite hostname="LPBIHSIND0964" failures="0" tests="1" name="com.OMS.SO.TC_010_SO_Pending_Shipment_Test" time="110.605" errors="0" timestamp="2023-03-31T11:03:08 IST" skipped="0">
  <testcase classname="com.OMS.SO.TC_010_SO_Pending_Shipment_Test" name="SO_Pending_Shipment_Test" time="110.605"/>
  <system-out>
    <![CDATA[TC_010_SO_Pending_Shipment_Test
ORDER ID : OM1047037014 is created successfully
Step:1 Sales Order Created Successfully and Verification Passed with ID: ORDER ID : OM1047037014 is created successfully
Step for SO  Approved By Procurement And Verify Passed 
Step:3 P.O Approved By Finance And Verify Passed
pending shipment
pending procurement]]>
  </system-out>
</testsuite> <!-- com.OMS.SO.TC_010_SO_Pending_Shipment_Test -->
