<?xml version="1.0" encoding="UTF-8"?>
<!-- Generated by org.testng.reporters.JUnitReportReporter -->
<testsuite hostname="LPBIHSIND0964" failures="0" tests="1" name="com.OMS.login.TC_001_loginToBrowserTest" time="23.504" errors="0" timestamp="2022-12-22T13:54:20 IST" skipped="0">
  <testcase classname="com.OMS.login.TC_001_loginToBrowserTest" name="Browser_Login" time="23.504"/>
  <system-out>
    <![CDATA[Browser_Login is Pass]]>
  </system-out>
</testsuite> <!-- com.OMS.login.TC_001_loginToBrowserTest -->
