<?xml version="1.0" encoding="UTF-8"?>
<!-- Generated by org.testng.reporters.JUnitReportReporter -->
<testsuite hostname="LPBIHSIND0964" failures="0" tests="1" name="com.OMS.Stock_Management.TC_001_Special_Stock_Update" time="154.909" errors="0" timestamp="2023-04-20T15:33:08 IST" skipped="0">
  <testcase classname="com.OMS.Stock_Management.TC_001_Special_Stock_Update" name="Tc_001_special_stock_update_ManualEntry" time="154.909"/>
  <system-out>
    <![CDATA[TC_001_Special_Stock_Update
Stock Management , In Special Stock Update Product Stock = 13
 Special Stock Updated
Stock Management , In Special Stock Update Product Stock = 15
 Details On Stock Logger Page 
ORDER ID : OM1047998261 is created successfully
Step:1 Sales Order Created Successfully and Verification Passed with ID: ORDER ID : OM1047998261 is created successfully
Step for SO  Approved By Procurement And Verify Passed 
Step:3 P.O Approved By Finance And Verify Passed
batch_Qty_validtaion_on_pick_and_pack_page]]>
  </system-out>
</testsuite> <!-- com.OMS.Stock_Management.TC_001_Special_Stock_Update -->
