<?xml version="1.0" encoding="UTF-8"?>
<!-- Generated by org.testng.reporters.JUnitReportReporter -->
<testsuite hostname="LPBIHSIND0964" failures="0" tests="1" name="com.OMS.PO.TC_003_PO_BothApproval_Test" time="83.901" errors="0" timestamp="2023-03-28T12:02:42 IST" skipped="0">
  <testcase classname="com.OMS.PO.TC_003_PO_BothApproval_Test" name="po_bothApproval_Test" time="83.901"/>
  <system-out>
    <![CDATA[TC_003_PO_BothApproval_Test
PO ID: PO1047010070
Step:1 P.O Created Successfully And Verification Passed 
Step for PO  Approved By Procurement And Verify Passed 
Step:3 P.O Approved By Finance And Verify Passed]]>
  </system-out>
</testsuite> <!-- com.OMS.PO.TC_003_PO_BothApproval_Test -->
