<?xml version="1.0" encoding="UTF-8"?>
<!-- Generated by org.testng.reporters.JUnitReportReporter -->
<testsuite hostname="LPBIHSIND0964" failures="0" tests="1" name="com.OMS.SO.TC_001_SO_End_to_End_Test" time="81.999" errors="0" timestamp="2023-04-20T12:37:17 IST" skipped="0">
  <testcase classname="com.OMS.SO.TC_001_SO_End_to_End_Test" name="sales_order_End_to_End_Test" time="81.999"/>
  <system-out>
    <![CDATA[TC_001_SO_End_to_End_Test
Stock Management , In Special Stock Update Product Stock = 14
Cleared the cart with pre loaded SKU's Before Inward CSV
ORDER ID : OM1047998254 is created successfully
Step:1 Sales Order Created Successfully and Verification Passed with ID: ORDER ID : OM1047998254 is created successfully
Step for SO  Approved By Procurement And Verify Passed 
Step:3 P.O Approved By Finance And Verify Passed
Step:4 Pick and Pack Created Successfully and Verification Passed
The Total Quantity for Pick and Pack is: 3]]>
  </system-out>
</testsuite> <!-- com.OMS.SO.TC_001_SO_End_to_End_Test -->
