<?xml version="1.0" encoding="UTF-8"?>
<!-- Generated by org.testng.reporters.JUnitReportReporter -->
<testsuite hostname="LPBIHSIND0964" failures="0" tests="1" name="com.OMS.PO.TC_002_PO_Ent_to_End_Test" time="959.528" errors="0" timestamp="2022-12-27T16:13:53 IST" skipped="0">
  <testcase classname="com.OMS.PO.TC_002_PO_Ent_to_End_Test" name="purchase_order_End_to_End_Test" time="959.528"/>
  <system-out>
    <![CDATA[PO ID: PO1047007931
Step:1 P.O Created Successfully And Verification Passed 
Step:2 P.O Approved By Procurement And Verify Passed 
Step:3 P.O Approved By Finance And Verify Passed 
Step:4 Stock Inwarded Successfully And Verify Passed 
PO ID : PO1047007931 GRN number : GRN27122201601
purchase_order_End_to_End_Test is Pass]]>
  </system-out>
</testsuite> <!-- com.OMS.PO.TC_002_PO_Ent_to_End_Test -->
