<?xml version="1.0" encoding="UTF-8"?>
<!-- Generated by org.testng.reporters.JUnitReportReporter -->
<testsuite hostname="LPBIHSIND0964" failures="0" tests="1" name="com.OMS.PO.TC_004_PO_RejectByProcurement_Test" time="50.177" errors="0" timestamp="2023-03-28T12:02:42 IST" skipped="0">
  <testcase classname="com.OMS.PO.TC_004_PO_RejectByProcurement_Test" name="create_po_RejectedBy_procurement_Test" time="50.177"/>
  <system-out>
    <![CDATA[TC_004_PO_RejectByProcurement_Test
PO ID: PO1047010071
Step:1 P.O Created Successfully And Verification Passed 
Step for PO  Rejected By Procurement And Verify Passed ]]>
  </system-out>
</testsuite> <!-- com.OMS.PO.TC_004_PO_RejectByProcurement_Test -->
