<?xml version="1.0" encoding="UTF-8"?>
<!-- Generated by org.testng.reporters.JUnitReportReporter -->
<testsuite hostname="LPBIHSIND0964" failures="0" tests="1" name="com.OMS.Supplier_Master.TC_001_New_Supplier_End_to_End_Test" time="58.366" errors="0" timestamp="2023-04-20T15:33:08 IST" skipped="0">
  <testcase classname="com.OMS.Supplier_Master.TC_001_New_Supplier_End_to_End_Test" name="New_Supplier_End_to_End_Test" time="58.366"/>
  <system-out>
    <![CDATA[TC_001_New_Supplier_End_to_End_Test
KYC updated successfully
Step:1 New Supplier Added Successfully and Verification Passed
Step:2 New Supplier KYC Details Added Successfully and Verification Passed
Step:3 First Level Approved Successfully and Verification Passed
Step:4 Second Level Approved Successfully and Verification Passed
Supplier Name: Gilbert
Supplier Email ID: austin.homenick@example.com
Supplier Contact Number: 7766797988
 New Supplier added
 Supplier status]]>
  </system-out>
</testsuite> <!-- com.OMS.Supplier_Master.TC_001_New_Supplier_End_to_End_Test -->
