<?xml version="1.0" encoding="UTF-8"?>
<!-- Generated by org.testng.reporters.JUnitReportReporter -->
<testsuite hostname="LPBIHSIND0964" failures="0" tests="1" name="com.OMS.PO.TC_001_Create_PO_Test" time="388.381" errors="0" timestamp="2022-12-27T16:13:53 IST" skipped="0">
  <testcase classname="com.OMS.PO.TC_001_Create_PO_Test" name="create_po_Test" time="388.381"/>
  <system-out>
    <![CDATA[PO ID: PO1047007930
Step:1 P.O Created Successfully And Verification Passed 
create_po_Test is Pass]]>
  </system-out>
</testsuite> <!-- com.OMS.PO.TC_001_Create_PO_Test -->
