<?xml version="1.0" encoding="UTF-8"?>
<!-- Generated by org.testng.reporters.JUnitReportReporter -->
<testsuite hostname="LPBIHSIND0964" failures="0" tests="1" name="com.OMS.PO.TC_001_PO_Create_Test" time="51.255" errors="0" timestamp="2023-04-18T10:56:37 IST" skipped="0">
  <testcase classname="com.OMS.PO.TC_001_PO_Create_Test" name="create_po_Test" time="51.255"/>
  <system-out>
    <![CDATA[TC_001_PO_Create_Test
PO ID: PO1047183032
Step:1 P.O Created Successfully And Verification Passed ]]>
  </system-out>
</testsuite> <!-- com.OMS.PO.TC_001_PO_Create_Test -->
