<?xml version="1.0" encoding="UTF-8"?>
<!-- Generated by org.testng.reporters.JUnitReportReporter -->
<testsuite hostname="LPBIHSIND0964" failures="0" tests="1" name="com.OMS.SO.Negative_Flow.TC_002_SO_Create_So_with_KYC_without_L1_Test" time="13.090" errors="0" timestamp="2023-04-27T12:10:42 IST" skipped="0">
  <testcase classname="com.OMS.SO.Negative_Flow.TC_002_SO_Create_So_with_KYC_without_L1_Test" name="Create_So_with_KYC_without_L1_Test" time="13.090"/>
  <system-out>
    <![CDATA[TC_002_SO_Create_So_with_KYC_without_L1_Test
Cleared the cart with pre loaded SKU'S
Sales Order is not Created due to L1 pending]]>
  </system-out>
</testsuite> <!-- com.OMS.SO.Negative_Flow.TC_002_SO_Create_So_with_KYC_without_L1_Test -->
