<?xml version="1.0" encoding="UTF-8"?>
<!-- Generated by org.testng.reporters.JUnitReportReporter -->
<testsuite hostname="LPBIHSIND0964" failures="0" tests="1" name="com.OMS.PO.TC_002_PO_End_to_End_Test" time="608.914" errors="0" timestamp="2023-04-13T16:04:49 IST" skipped="0">
  <testcase classname="com.OMS.PO.TC_002_PO_End_to_End_Test" name="purchase_order_End_to_End_Test" time="608.914"/>
  <system-out>
    <![CDATA[TC_002_PO_End_to_End_Test
Stock Management , In Special Stock Update Product Stock = 123
CDC initially stock is 123
PO ID: PO1047182841
Step:1 P.O Created Successfully And Verification Passed 
Step for PO  Approved By Procurement And Verify Passed 
Step:3 P.O Approved By Finance And Verify Passed
Step:4 Stock Inwarded Successfully And Verify Passed 
PO ID : PO1047182841 GRN number : GRN310323219172
Stock Management , In Special Stock Update Product Stock = 125
Rollback Successfully
Stock Management , In Special Stock Update Product Stock = 123]]>
  </system-out>
</testsuite> <!-- com.OMS.PO.TC_002_PO_End_to_End_Test -->
