<?xml version="1.0" encoding="UTF-8"?>
<!-- Generated by org.testng.reporters.JUnitReportReporter -->
<testsuite hostname="LPBIHSIND0964" failures="0" tests="1" name="com.OMS.SO.TC_013_SO_Create_So_with_L1_without_KYC_Test" time="88.864" errors="0" timestamp="2023-04-20T17:59:19 IST" skipped="0">
  <testcase classname="com.OMS.SO.TC_013_SO_Create_So_with_L1_without_KYC_Test" name="Create_So_with_L1_without_KYC_Test" time="88.864"/>
  <system-out>
    <![CDATA[TC_013_SO_Create_So_with_L1_without_KYC_Test
 Customer Address Updated
 New Customer added
 Customer First Level Approval
 Customer First Level Approved
Step:1 Sales Order is UNSUCCESSFUL and Verification Failed]]>
  </system-out>
</testsuite> <!-- com.OMS.SO.TC_013_SO_Create_So_with_L1_without_KYC_Test -->
