<?xml version="1.0" encoding="UTF-8"?>
<!-- Generated by org.testng.reporters.JUnitReportReporter -->
<testsuite hostname="LPBIHSIND0964" failures="0" tests="1" name="com.OMS.SO.TC_004_SO_RejectedByProcurement_Test" time="66.320" errors="0" timestamp="2022-12-28T18:13:15 IST" skipped="0">
  <testcase classname="com.OMS.SO.TC_004_SO_RejectedByProcurement_Test" name="sales_order_End_to_End_Test" time="66.320"/>
  <system-out>
    <![CDATA[ORDER ID : OM1047034218 is created successfully
Step:1 Sales Order Created Successfully and Verification Passed
sales_order_End_to_End_Test is Pass]]>
  </system-out>
</testsuite> <!-- com.OMS.SO.TC_004_SO_RejectedByProcurement_Test -->
