<?xml version="1.0" encoding="UTF-8"?>
<!-- Generated by org.testng.reporters.JUnitReportReporter -->
<testsuite hostname="LPBIHSIND0964" failures="0" tests="1" name="com.OMS.Customer.TC_001_Add_New_Domestic_Customer" time="63.454" errors="0" timestamp="2023-04-20T16:30:59 IST" skipped="0">
  <testcase classname="com.OMS.Customer.TC_001_Add_New_Domestic_Customer" name="addNewCustomer" time="63.454"/>
  <system-out>
    <![CDATA[TC_001_Add_New_Domestic_Customer
 Customer Address Updated
 New Customer added
 Customer First Level Approval
 Customer First Level Approved
 Customer Second Level Approval
 Customer Second Level Approved
 Customer status]]>
  </system-out>
</testsuite> <!-- com.OMS.Customer.TC_001_Add_New_Domestic_Customer -->
