<?xml version="1.0" encoding="UTF-8"?>
<!-- Generated by org.testng.reporters.JUnitReportReporter -->
<testsuite hostname="LPBIHSIND0964" failures="0" tests="1" name="com.OMS.PO.TC_006_PO_Cancel_Fully_Test" time="38.750" errors="0" timestamp="2023-03-28T12:02:42 IST" skipped="0">
  <testcase classname="com.OMS.PO.TC_006_PO_Cancel_Fully_Test" name="cancel_po_fully_Test" time="38.750"/>
  <system-out>
    <![CDATA[TC_006_PO_Cancel_Fully_Test
PO ID: PO1047010073
Step:1 P.O Created Successfully And Verification Passed 
PO Status After Canceled]]>
  </system-out>
</testsuite> <!-- com.OMS.PO.TC_006_PO_Cancel_Fully_Test -->
